<?xml version="1.0" encoding="UTF-8"?>
<!-- Generated by org.testng.reporters.JUnitReportReporter -->
<testsuite skipped="0" hostname="DESKTOP-GHB7O0N" name="Testing.Myself.square" tests="2" failures="0" timestamp="23 May 2020 18:09:02 GMT" time="0.037" errors="0">
  <testcase name="name" time="0.004" classname="Testing.Myself.square"/>
  <testcase name="height" time="0.033" classname="Testing.Myself.square"/>
</testsuite> <!-- Testing.Myself.square -->
