<?xml version="1.0" encoding="UTF-8"?>
<!-- Generated by org.testng.reporters.JUnitReportReporter -->
<testsuite skipped="0" hostname="DESKTOP-GHB7O0N" name="Testing.Myself.prism" tests="2" failures="0" timestamp="23 May 2020 18:09:02 GMT" time="0.009" errors="0">
  <testcase name="squarePrism" time="0.006" classname="Testing.Myself.prism"/>
  <testcase name="square" time="0.003" classname="Testing.Myself.prism"/>
</testsuite> <!-- Testing.Myself.prism -->
