<?xml version="1.0" encoding="UTF-8"?>
<!-- Generated by org.testng.reporters.JUnitReportReporter -->
<testsuite skipped="0" hostname="DESKTOP-GHB7O0N" name="Testing.Myself.Triangle" tests="1" failures="0" timestamp="23 May 2020 18:09:02 GMT" time="0.001" errors="0">
  <testcase name="date" time="0.001" classname="Testing.Myself.Triangle"/>
</testsuite> <!-- Testing.Myself.Triangle -->
