<?xml version="1.0" encoding="UTF-8"?>
<!-- Generated by org.testng.reporters.JUnitReportReporter -->
<testsuite skipped="0" hostname="DESKTOP-GHB7O0N" name="Testing.Myself.cube" tests="1" failures="0" timestamp="23 May 2020 18:09:02 GMT" time="0.003" errors="0">
  <testcase name="squareofCube" time="0.003" classname="Testing.Myself.cube"/>
</testsuite> <!-- Testing.Myself.cube -->
