<?xml version="1.0" encoding="UTF-8"?>
<!-- Generated by org.testng.reporters.JUnitReportReporter -->
<testsuite skipped="0" hostname="DESKTOP-GHB7O0N" name="selenium.firstTestin.openLoginAndAccountDetailsTest" tests="1" failures="0" timestamp="16 May 2020 21:33:33 GMT" time="5.543" errors="0">
  <testcase name="f" time="5.543" classname="selenium.firstTestin.openLoginAndAccountDetailsTest"/>
</testsuite> <!-- selenium.firstTestin.openLoginAndAccountDetailsTest -->
