<?xml version="1.0" encoding="UTF-8"?>
<!-- Generated by org.testng.reporters.JUnitReportReporter -->
<testsuite skipped="0" hostname="DESKTOP-GHB7O0N" name="Testing.extentReports.reports" tests="1" failures="0" timestamp="23 May 2020 19:19:16 GMT" time="40.494" errors="0">
  <testcase name="urlOpen" time="40.494" classname="Testing.extentReports.reports"/>
</testsuite> <!-- Testing.extentReports.reports -->
