<?xml version="1.0" encoding="UTF-8"?>
<!-- Generated by org.testng.reporters.JUnitReportReporter -->
<testsuite skipped="0" hostname="DESKTOP-GHB7O0N" name="selenium.project.projectTest" tests="7" failures="0" timestamp="18 May 2020 19:01:40 GMT" time="61.635" errors="0">
  <testcase name="testProjectsItem" time="5.265" classname="selenium.project.projectTest"/>
  <testcase name="testdeliveryProcessProject" time="16.351" classname="selenium.project.projectTest"/>
  <testcase name="infrastructreProject" time="11.612" classname="selenium.project.projectTest"/>
  <testcase name="rightSideClick" time="0.852" classname="selenium.project.projectTest"/>
  <testcase name="deploymentProject" time="11.011" classname="selenium.project.projectTest"/>
  <testcase name="fileTransfer" time="10.508" classname="selenium.project.projectTest"/>
  <testcase name="leftSideClick" time="6.036" classname="selenium.project.projectTest"/>
</testsuite> <!-- selenium.project.projectTest -->
