<?xml version="1.0" encoding="UTF-8"?>
<!-- Generated by org.testng.reporters.JUnitReportReporter -->
<testsuite skipped="0" hostname="DESKTOP-GHB7O0N" name="selenium.project.SkillsTest" tests="3" failures="0" timestamp="18 May 2020 19:48:10 GMT" time="57.637" errors="0">
  <testcase name="sideButtons" time="29.220" classname="selenium.project.SkillsTest"/>
  <testcase name="testHobiies" time="12.106" classname="selenium.project.SkillsTest"/>
  <testcase name="testCustomerIcons" time="16.311" classname="selenium.project.SkillsTest"/>
</testsuite> <!-- selenium.project.SkillsTest -->
