<?xml version="1.0" encoding="UTF-8"?>
<!-- Generated by org.testng.reporters.JUnitReportReporter -->
<testsuite skipped="0" hostname="DESKTOP-GHB7O0N" name="selenium.project.ServicesTest" tests="1" failures="0" timestamp="18 May 2020 19:56:55 GMT" time="16.228" errors="0">
  <testcase name="testViewWebsite" time="16.228" classname="selenium.project.ServicesTest"/>
</testsuite> <!-- selenium.project.ServicesTest -->
