<?xml version="1.0" encoding="UTF-8"?>
<!-- Generated by org.testng.reporters.JUnitReportReporter -->
<testsuite skipped="0" hostname="DESKTOP-GHB7O0N" name="selenium.project.NewTest" tests="1" failures="0" timestamp="19 May 2020 07:29:01 GMT" time="10.661" errors="0">
  <testcase name="testHomeItem" time="10.661" classname="selenium.project.NewTest"/>
</testsuite> <!-- selenium.project.NewTest -->
